\BOOKMARK [1][-]{section.1}{\376\377\000G\000i\036\333\000i\000\040\000t\000h\000i\036\307\000u}{}% 1
\BOOKMARK [2][-]{subsection.1.1}{\376\377\001\020\036\267\000t\000\040\000v\036\245\000n\000\040\001\021\036\301}{section.1}% 2
\BOOKMARK [2][-]{subsection.1.2}{\376\377\000M\036\345\000c\000\040\000t\000i\000\352\000u\000\040\001\021\036\301\000\040\000t\000\340\000i}{section.1}% 3
\BOOKMARK [2][-]{subsection.1.3}{\376\377\000P\000h\036\241\000m\000\040\000v\000i\000\040\001\021\036\301\000\040\000t\000\340\000i}{section.1}% 4
\BOOKMARK [2][-]{subsection.1.4}{\376\377\000T\036\325\000n\000g\000\040\000q\000u\000a\000n\000\040\000v\036\301\000\040\000d\036\357\000\040\000l\000i\036\307\000u}{section.1}% 5
\BOOKMARK [3][-]{subsubsection.1.4.1}{\376\377\000N\000g\000u\036\323\000n\000\040\000d\036\357\000\040\000l\000i\036\307\000u}{subsection.1.4}% 6
\BOOKMARK [3][-]{subsubsection.1.4.2}{\376\377\000M\000\364\000\040\000t\036\243\000\040\000c\000\341\000c\000\040\000b\000i\036\277\000n}{subsection.1.4}% 7
\BOOKMARK [3][-]{subsubsection.1.4.3}{\376\377\001\020\036\267\000c\000\040\001\021\000i\036\303\000m\000\040\000c\036\347\000a\000\040\000d\036\357\000\040\000l\000i\036\307\000u}{subsection.1.4}% 8
\BOOKMARK [2][-]{subsection.1.5}{\376\377\000C\036\245\000u\000\040\000t\000r\000\372\000c\000\040\000b\000\341\000o\000\040\000c\000\341\000o}{section.1}% 9
\BOOKMARK [1][-]{section.2}{\376\377\000T\000h\000i\036\277\000t\000\040\000k\036\277\000\040\000k\000h\000o\000\040\000d\036\357\000\040\000l\000i\036\307\000u}{}% 10
\BOOKMARK [2][-]{subsection.2.1}{\376\377\000M\000\364\000\040\000h\000\354\000n\000h\000\040\000n\000g\000\364\000i\000\040\000s\000a\000o\000\040\000\050\000S\000t\000a\000r\000\040\000S\000c\000h\000e\000m\000a\000\051}{section.2}% 11
\BOOKMARK [2][-]{subsection.2.2}{\376\377\000S\001\241\000\040\001\021\036\323\000\040\000t\036\325\000n\000g\000\040\000q\000u\000a\000n}{section.2}% 12
\BOOKMARK [2][-]{subsection.2.3}{\376\377\000B\036\243\000n\000g\000\040\000s\036\361\000\040\000k\000i\036\307\000n\000:\000\040\000f\000a\000c\000t\000\137\000c\000u\000s\000t\000o\000m\000e\000r\000\137\000s\000t\000a\000t\000u\000s}{section.2}% 13
\BOOKMARK [3][-]{subsubsection.2.3.1}{\376\377\000C\036\245\000u\000\040\000t\000r\000\372\000c\000\040\000b\036\243\000n\000g}{subsection.2.3}% 14
\BOOKMARK [3][-]{subsubsection.2.3.2}{\376\377\000G\000r\000a\000i\000n\000\040\000c\036\347\000a\000\040\000b\036\243\000n\000g\000\040\000s\036\361\000\040\000k\000i\036\307\000n}{subsection.2.3}% 15
\BOOKMARK [2][-]{subsection.2.4}{\376\377\000B\036\243\000n\000g\000\040\000c\000h\000i\036\301\000u\000:\000\040\000d\000i\000m\000\137\000c\000u\000s\000t\000o\000m\000e\000r}{section.2}% 16
\BOOKMARK [2][-]{subsection.2.5}{\376\377\000B\036\243\000n\000g\000\040\000c\000h\000i\036\301\000u\000:\000\040\000d\000i\000m\000\137\000g\000e\000o}{section.2}% 17
\BOOKMARK [2][-]{subsection.2.6}{\376\377\000B\036\243\000n\000g\000\040\000c\000h\000i\036\301\000u\000:\000\040\000d\000i\000m\000\137\000t\000i\000m\000e}{section.2}% 18
\BOOKMARK [2][-]{subsection.2.7}{\376\377\000B\036\243\000n\000g\000\040\000c\000h\000i\036\301\000u\000:\000\040\000d\000i\000m\000\137\000s\000e\000g\000m\000e\000n\000t}{section.2}% 19
\BOOKMARK [2][-]{subsection.2.8}{\376\377\000S\000Q\000L\000\040\000D\000D\000L\000\040\000S\000c\000h\000e\000m\000a}{section.2}% 20
\BOOKMARK [2][-]{subsection.2.9}{\376\377\000L\036\343\000i\000\040\000\355\000c\000h\000\040\000c\036\347\000a\000\040\000t\000h\000i\036\277\000t\000\040\000k\036\277}{section.2}% 21
\BOOKMARK [1][-]{section.3}{\376\377\000Q\000u\000y\000\040\000t\000r\000\354\000n\000h\000\040\000E\000T\000L\000\040\000v\000\340\000\040\000t\000i\036\301\000n\000\040\000x\036\355\000\040\000l\000\375\000\040\000d\036\357\000\040\000l\000i\036\307\000u}{}% 22
\BOOKMARK [2][-]{subsection.3.1}{\376\377\000T\036\325\000n\000g\000\040\000q\000u\000a\000n\000\040\000v\036\301\000\040\000q\000u\000y\000\040\000t\000r\000\354\000n\000h\000\040\000E\000T\000L}{section.3}% 23
\BOOKMARK [2][-]{subsection.3.2}{\376\377\000G\000i\000a\000i\000\040\001\021\000o\036\241\000n\000\040\0001\000:\000\040\000E\000x\000t\000r\000a\000c\000t\000\040\000-\000\040\000T\000r\000\355\000c\000h\000\040\000x\000u\036\245\000t\000\040\000d\036\357\000\040\000l\000i\036\307\000u}{section.3}% 24
\BOOKMARK [3][-]{subsubsection.3.2.1}{\376\377\000N\000g\000u\036\323\000n\000\040\000d\036\357\000\040\000l\000i\036\307\000u}{subsection.3.2}% 25
\BOOKMARK [3][-]{subsubsection.3.2.2}{\376\377\000C\000\364\000n\000g\000\040\000c\036\345\000\040\000s\036\355\000\040\000d\036\345\000n\000g}{subsection.3.2}% 26
\BOOKMARK [3][-]{subsubsection.3.2.3}{\376\377\000K\000i\036\303\000m\000\040\000t\000r\000a\000\040\000c\000h\036\245\000t\000\040\000l\001\260\036\343\000n\000g\000\040\000d\036\357\000\040\000l\000i\036\307\000u}{subsection.3.2}% 27
\BOOKMARK [2][-]{subsection.3.3}{\376\377\000G\000i\000a\000i\000\040\001\021\000o\036\241\000n\000\040\0002\000:\000\040\000T\000r\000a\000n\000s\000f\000o\000r\000m\000\040\000-\000\040\000B\000i\036\277\000n\000\040\001\021\036\325\000i\000\040\000d\036\357\000\040\000l\000i\036\307\000u}{section.3}% 28
\BOOKMARK [3][-]{subsubsection.3.3.1}{\376\377\000B\001\260\036\333\000c\000\040\0001\000:\000\040\000L\000\340\000m\000\040\000s\036\241\000c\000h\000\040\000d\036\357\000\040\000l\000i\036\307\000u}{subsection.3.3}% 29
\BOOKMARK [3][-]{subsubsection.3.3.2}{\376\377\000B\001\260\036\333\000c\000\040\0002\000:\000\040\000F\000e\000a\000t\000u\000r\000e\000\040\000E\000n\000g\000i\000n\000e\000e\000r\000i\000n\000g}{subsection.3.3}% 30
\BOOKMARK [3][-]{subsubsection.3.3.3}{\376\377\000B\001\260\036\333\000c\000\040\0003\000:\000\040\000X\000\342\000y\000\040\000d\036\361\000n\000g\000\040\000b\036\243\000n\000g\000\040\000c\000h\000i\036\301\000u}{subsection.3.3}% 31
\BOOKMARK [3][-]{subsubsection.3.3.4}{\376\377\000B\001\260\036\333\000c\000\040\0004\000:\000\040\000X\000\342\000y\000\040\000d\036\361\000n\000g\000\040\000b\036\243\000n\000g\000\040\000s\036\361\000\040\000k\000i\036\307\000n}{subsection.3.3}% 32
\BOOKMARK [2][-]{subsection.3.4}{\376\377\000G\000i\000a\000i\000\040\001\021\000o\036\241\000n\000\040\0003\000:\000\040\000L\000o\000a\000d\000\040\000-\000\040\000N\036\241\000p\000\040\000d\036\357\000\040\000l\000i\036\307\000u}{section.3}% 33
\BOOKMARK [3][-]{subsubsection.3.4.1}{\376\377\000X\000u\036\245\000t\000\040\000r\000a\000\040\000f\000i\000l\000e\000\040\000C\000S\000V}{subsection.3.4}% 34
\BOOKMARK [3][-]{subsubsection.3.4.2}{\376\377\000N\036\241\000p\000\040\000v\000\340\000o\000\040\000c\001\241\000\040\000s\036\337\000\040\000d\036\357\000\040\000l\000i\036\307\000u\000\040\000\050\000t\000\371\000y\000\040\000c\000h\036\315\000n\000\051}{subsection.3.4}% 35
\BOOKMARK [2][-]{subsection.3.5}{\376\377\000T\036\325\000n\000g\000\040\000k\036\277\000t\000\040\000q\000u\000y\000\040\000t\000r\000\354\000n\000h\000\040\000E\000T\000L}{section.3}% 36
\BOOKMARK [3][-]{subsubsection.3.5.1}{\376\377\000K\036\277\000t\000\040\000q\000u\036\243\000\040\001\021\036\247\000u\000\040\000r\000a}{subsection.3.5}% 37
\BOOKMARK [3][-]{subsubsection.3.5.2}{\376\377\001\257\000u\000\040\001\021\000i\036\303\000m\000\040\000c\036\347\000a\000\040\000q\000u\000y\000\040\000t\000r\000\354\000n\000h}{subsection.3.5}% 38
\BOOKMARK [3][-]{subsubsection.3.5.3}{\376\377\000T\000h\000\341\000c\000h\000\040\000t\000h\036\351\000c\000\040\000v\000\340\000\040\000g\000i\036\243\000i\000\040\000p\000h\000\341\000p}{subsection.3.5}% 39
\BOOKMARK [1][-]{section.4}{\376\377\000P\000h\000\342\000n\000\040\000t\000\355\000c\000h\000\040\000O\000L\000A\000P\000\040\000v\000\340\000\040\000t\000r\036\361\000c\000\040\000q\000u\000a\000n\000\040\000h\000\363\000a\000\040\000b\036\261\000n\000g\000\040\000P\000y\000t\000h\000o\000n}{}% 40
\BOOKMARK [2][-]{subsection.4.1}{\376\377\000P\000h\000\342\000n\000\040\000t\000\355\000c\000h\000\040\000O\000L\000A\000P}{section.4}% 41
\BOOKMARK [3][-]{subsubsection.4.1.1}{\376\377\000C\000\341\000c\000\040\000t\000r\000u\000y\000\040\000v\036\245\000n\000\040\000O\000L\000A\000P\000\040\000t\000i\000\352\000u\000\040\000b\000i\036\303\000u}{subsection.4.1}% 42
\BOOKMARK [2][-]{subsection.4.2}{\376\377\000T\000r\036\361\000c\000\040\000q\000u\000a\000n\000\040\000h\000\363\000a\000\040\000d\036\357\000\040\000l\000i\036\307\000u\000\040\000b\036\261\000n\000g\000\040\000P\000y\000t\000h\000o\000n}{section.4}% 43
\BOOKMARK [3][-]{subsubsection.4.2.1}{\376\377\000E\000x\000p\000l\000o\000r\000a\000t\000o\000r\000y\000\040\000D\000a\000t\000a\000\040\000A\000n\000a\000l\000y\000s\000i\000s\000\040\000\050\000E\000D\000A\000\051}{subsection.4.2}% 44
\BOOKMARK [3][-]{subsubsection.4.2.2}{\376\377\000D\000a\000s\000h\000b\000o\000a\000r\000d\000-\000s\000t\000y\000l\000e\000\040\000V\000i\000s\000u\000a\000l\000i\000z\000a\000t\000i\000o\000n\000s}{subsection.4.2}% 45
\BOOKMARK [2][-]{subsection.4.3}{\376\377\000I\000n\000s\000i\000g\000h\000t\000s\000\040\000t\036\353\000\040\000p\000h\000\342\000n\000\040\000t\000\355\000c\000h}{section.4}% 46
\BOOKMARK [2][-]{subsection.4.4}{\376\377\036\350\000n\000g\000\040\000d\036\345\000n\000g\000\040\000t\000r\000o\000n\000g\000\040\000r\000a\000\040\000q\000u\000y\036\277\000t\000\040\001\021\036\313\000n\000h}{section.4}% 47
\BOOKMARK [1][-]{section.5}{\376\377\000M\000\364\000\040\000h\000\354\000n\000h\000\040\000d\036\361\000\040\001\021\000o\000\341\000n\000\040\000c\000h\000u\000r\000n\000\040\000\050\000M\000a\000c\000h\000i\000n\000e\000\040\000L\000e\000a\000r\000n\000i\000n\000g\000\051}{}% 48
\BOOKMARK [2][-]{subsection.5.1}{\376\377\000T\036\325\000n\000g\000\040\000q\000u\000a\000n\000\040\000v\036\301\000\040\000b\000\340\000i\000\040\000t\000o\000\341\000n}{section.5}% 49
\BOOKMARK [2][-]{subsection.5.2}{\376\377\000C\000h\000u\036\251\000n\000\040\000b\036\313\000\040\000d\036\357\000\040\000l\000i\036\307\000u\000\040\000c\000h\000o\000\040\000m\000o\000d\000e\000l\000i\000n\000g}{section.5}% 50
\BOOKMARK [3][-]{subsubsection.5.2.1}{\376\377\000C\000h\036\315\000n\000\040\000f\000e\000a\000t\000u\000r\000e\000s}{subsection.5.2}% 51
\BOOKMARK [3][-]{subsubsection.5.2.2}{\376\377\000C\000h\000i\000a\000\040\000t\036\255\000p\000\040\000t\000r\000a\000i\000n\000/\000t\000e\000s\000t}{subsection.5.2}% 52
\BOOKMARK [2][-]{subsection.5.3}{\376\377\000P\000r\000e\000p\000r\000o\000c\000e\000s\000s\000i\000n\000g\000\040\000P\000i\000p\000e\000l\000i\000n\000e}{section.5}% 53
\BOOKMARK [2][-]{subsection.5.4}{\376\377\000X\000\342\000y\000\040\000d\036\361\000n\000g\000\040\000m\000\364\000\040\000h\000\354\000n\000h}{section.5}% 54
\BOOKMARK [3][-]{subsubsection.5.4.1}{\376\377\000M\000\364\000\040\000h\000\354\000n\000h\000\040\0001\000:\000\040\000L\000o\000g\000i\000s\000t\000i\000c\000\040\000R\000e\000g\000r\000e\000s\000s\000i\000o\000n}{subsection.5.4}% 55
\BOOKMARK [3][-]{subsubsection.5.4.2}{\376\377\000M\000\364\000\040\000h\000\354\000n\000h\000\040\0002\000:\000\040\000R\000a\000n\000d\000o\000m\000\040\000F\000o\000r\000e\000s\000t}{subsection.5.4}% 56
\BOOKMARK [2][-]{subsection.5.5}{\376\377\001\020\000\341\000n\000h\000\040\000g\000i\000\341\000\040\000m\000\364\000\040\000h\000\354\000n\000h}{section.5}% 57
\BOOKMARK [3][-]{subsubsection.5.5.1}{\376\377\000A\000c\000c\000u\000r\000a\000c\000y}{subsection.5.5}% 58
\BOOKMARK [3][-]{subsubsection.5.5.2}{\376\377\000C\000o\000n\000f\000u\000s\000i\000o\000n\000\040\000M\000a\000t\000r\000i\000x}{subsection.5.5}% 59
\BOOKMARK [3][-]{subsubsection.5.5.3}{\376\377\000C\000l\000a\000s\000s\000i\000f\000i\000c\000a\000t\000i\000o\000n\000\040\000R\000e\000p\000o\000r\000t}{subsection.5.5}% 60
\BOOKMARK [3][-]{subsubsection.5.5.4}{\376\377\000R\000O\000C\000-\000A\000U\000C\000\040\000S\000c\000o\000r\000e}{subsection.5.5}% 61
\BOOKMARK [2][-]{subsection.5.6}{\376\377\000F\000e\000a\000t\000u\000r\000e\000\040\000I\000m\000p\000o\000r\000t\000a\000n\000c\000e}{section.5}% 62
\BOOKMARK [1][-]{section.6}{\376\377\000H\036\307\000\040\000h\036\327\000\040\000t\000r\036\343\000\040\000q\000u\000y\036\277\000t\000\040\001\021\036\313\000n\000h\000\040\000\050\000D\000S\000S\000\051}{}% 63
\BOOKMARK [2][-]{subsection.6.1}{\376\377\000K\000h\000\341\000i\000\040\000n\000i\036\307\000m\000\040\000D\000e\000c\000i\000s\000i\000o\000n\000\040\000S\000u\000p\000p\000o\000r\000t\000\040\000S\000y\000s\000t\000e\000m}{section.6}% 64
\BOOKMARK [2][-]{subsection.6.2}{\376\377\000K\000i\036\277\000n\000\040\000t\000r\000\372\000c\000\040\000D\000S\000S\000\040\000c\000h\000o\000\040\000b\000\340\000i\000\040\000t\000o\000\341\000n\000\040\000C\000h\000u\000r\000n}{section.6}% 65
\BOOKMARK [3][-]{subsubsection.6.2.1}{\376\377\000a\000t\000a\000\040\000W\000a\000r\000e\000h\000o\000u\000s\000e\000\040\000\050\000K\000h\000o\000\040\000d\036\357\000\040\000l\000i\036\307\000u\000\051}{subsection.6.2}% 66
\BOOKMARK [3][-]{subsubsection.6.2.2}{\376\377\000O\000L\000A\000P\000\040\000E\000n\000g\000i\000n\000e\000\040\000\050\000C\000\364\000n\000g\000\040\000c\036\345\000\040\000p\000h\000\342\000n\000\040\000t\000\355\000c\000h\000\040\001\021\000a\000\040\000c\000h\000i\036\301\000u\000\051}{subsection.6.2}% 67
\BOOKMARK [3][-]{subsubsection.6.2.3}{\376\377\000P\000r\000e\000d\000i\000c\000t\000i\000v\000e\000\040\000M\000o\000d\000e\000l\000\040\000\050\000M\000\364\000\040\000h\000\354\000n\000h\000\040\000d\036\361\000\040\001\021\000o\000\341\000n\000\051}{subsection.6.2}% 68
\BOOKMARK [3][-]{subsubsection.6.2.4}{\376\377\000V\000i\000s\000u\000a\000l\000i\000z\000a\000t\000i\000o\000n\000\040\000L\000a\000y\000e\000r\000\040\000\050\000L\036\333\000p\000\040\000t\000r\036\361\000c\000\040\000q\000u\000a\000n\000\040\000h\000\363\000a\000\051}{subsection.6.2}% 69
\BOOKMARK [3][-]{subsubsection.6.2.5}{\376\377\000U\000s\000e\000r\000\040\000I\000n\000t\000e\000r\000f\000a\000c\000e\000\040\000\050\000G\000i\000a\000o\000\040\000d\000i\036\307\000n\000\040\000n\000g\001\260\036\335\000i\000\040\000d\000\371\000n\000g\000\051}{subsection.6.2}% 70
\BOOKMARK [2][-]{subsection.6.3}{\376\377\000D\000a\000s\000h\000b\000o\000a\000r\000d\000\040\000c\000h\000o\000\040\000k\000h\000o\000\040\000d\036\357\000\040\000l\000i\036\307\000u}{section.6}% 71
\BOOKMARK [3][-]{subsubsection.6.3.1}{\376\377\000K\000i\036\277\000n\000\040\000t\000r\000\372\000c\000\040\000D\000a\000s\000h\000b\000o\000a\000r\000d}{subsection.6.3}% 72
\BOOKMARK [3][-]{subsubsection.6.3.2}{\376\377\000C\000\341\000c\000\040\000t\000h\000\340\000n\000h\000\040\000p\000h\036\247\000n\000\040\000D\000a\000s\000h\000b\000o\000a\000r\000d}{subsection.6.3}% 73
\BOOKMARK [3][-]{subsubsection.6.3.3}{\376\377\000C\000h\036\241\000y\000\040\000D\000a\000s\000h\000b\000o\000a\000r\000d}{subsection.6.3}% 74
\BOOKMARK [3][-]{subsubsection.6.3.4}{\376\377\001\257\000u\000\040\001\021\000i\036\303\000m\000\040\000c\036\347\000a\000\040\000D\000a\000s\000h\000b\000o\000a\000r\000d\000\040\000t\001\260\001\241\000n\000g\000\040\000t\000\341\000c}{subsection.6.3}% 75
\BOOKMARK [3][-]{subsubsection.6.3.5}{\376\377\000V\000\355\000\040\000d\036\345\000\040\000t\000h\036\361\000c\000\040\000t\036\277}{subsection.6.3}% 76
\BOOKMARK [1][-]{section.7}{\376\377\000K\036\277\000t\000\040\000l\000u\036\255\000n}{}% 77
\BOOKMARK [2][-]{subsection.7.1}{\376\377\000T\036\325\000n\000g\000\040\000k\036\277\000t}{section.7}% 78
\BOOKMARK [2][-]{subsection.7.2}{\376\377\000K\036\277\000t\000\040\000q\000u\036\243\000\040\001\021\036\241\000t\000\040\001\021\001\260\036\343\000c}{section.7}% 79
\BOOKMARK [3][-]{subsubsection.7.2.1}{\376\377\000V\036\301\000\040\000m\036\267\000t\000\040\000k\036\371\000\040\000t\000h\000u\036\255\000t}{subsection.7.2}% 80
\BOOKMARK [3][-]{subsubsection.7.2.2}{\376\377\000V\036\301\000\040\000m\036\267\000t\000\040\000n\000g\000h\000i\036\307\000p\000\040\000v\036\345}{subsection.7.2}% 81
\BOOKMARK [2][-]{subsection.7.3}{\376\377\000H\036\241\000n\000\040\000c\000h\036\277\000\040\000c\036\347\000a\000\040\001\021\036\301\000\040\000t\000\340\000i}{section.7}% 82
\BOOKMARK [2][-]{subsection.7.4}{\376\377\000H\001\260\036\333\000n\000g\000\040\000p\000h\000\341\000t\000\040\000t\000r\000i\036\303\000n}{section.7}% 83
\BOOKMARK [2][-]{subsection.7.5}{\376\377\000K\036\277\000t\000\040\000l\000u\036\255\000n\000\040\000c\000u\036\321\000i\000\040\000c\000\371\000n\000g}{section.7}% 84
